
> @repo/types@0.1.0 build /Users/adityagaikwad/Documents/Education App/packages/types
> tsup

▲ [WARNING] The condition "types" here will never be used as it comes after both "import" and "require" [package.json]

    package.json:12:6:
      12 │       "types": "./dist/index.d.ts"
         ╵       ~~~~~~~

  The "import" condition comes earlier and will be used for all "import" statements:

    package.json:10:6:
      10 │       "import": "./dist/index.js",
         ╵       ~~~~~~~~

  The "require" condition comes earlier and will be used for all "require" calls:

    package.json:11:6:
      11 │       "require": "./dist/index.cjs",
         ╵       ~~~~~~~~~

CLI Building entry: index.ts
CLI tsup v8.5.0
CLI Using tsup config: /Users/adityagaikwad/Documents/Education App/packages/types/tsup.config.ts
CLI Target: node16
CLI Cleaning output folder
CJS Build start
ESM Build start

 WARN  [33m▲ [43;33m[[43;30mWARNING[43;33m][0m [1mThe condition "types" here will never be used as it comes after both "import" and "require"[0m [package.json]

    package.json:12:6:
[37m      12 │       [32m"types"[37m: "./dist/index.d.ts"
         ╵       [32m~~~~~~~[0m

  The "import" condition comes earlier and will be used for all "import" statements:

    package.json:10:6:
[37m      10 │       [32m"import"[37m: "./dist/index.js",
         ╵       [32m~~~~~~~~[0m

  The "require" condition comes earlier and will be used for all "require" calls:

    package.json:11:6:
[37m      11 │       [32m"require"[37m: "./dist/index.cjs",
         ╵       [32m~~~~~~~~~[0m




 WARN  [33m▲ [43;33m[[43;30mWARNING[43;33m][0m [1mThe condition "types" here will never be used as it comes after both "import" and "require"[0m [package.json]

    package.json:12:6:
[37m      12 │       [32m"types"[37m: "./dist/index.d.ts"
         ╵       [32m~~~~~~~[0m

  The "import" condition comes earlier and will be used for all "import" statements:

    package.json:10:6:
[37m      10 │       [32m"import"[37m: "./dist/index.js",
         ╵       [32m~~~~~~~~[0m

  The "require" condition comes earlier and will be used for all "require" calls:

    package.json:11:6:
[37m      11 │       [32m"require"[37m: "./dist/index.cjs",
         ╵       [32m~~~~~~~~~[0m



CJS dist/index.js     5.78 KB
CJS dist/index.js.map 7.94 KB
CJS ⚡️ Build success in 139ms
ESM dist/index.mjs     3.68 KB
ESM dist/index.mjs.map 7.63 KB
ESM ⚡️ Build success in 141ms
