

> education-api@0.1.0 build /Users/adityagaikwad/Documents/Education App/apps/api
> tsup src/main.ts --format cjs --out-dir dist --clean

[34mCLI[39m Building entry: src/main.ts
[34mCLI[39m Using tsconfig: tsconfig.json
[34mCLI[39m tsup v8.5.0
[34mCLI[39m Using tsup config: /Users/adityagaikwad/Documents/Education App/apps/api/tsup.config.ts
[34mCLI[39m Target: es2022
[34mCLI[39m Cleaning output folder
[34mCJS[39m Build start
[33mCJS[39m [33mYou have emitDecoratorMetadata enabled but @swc/core was not installed, skipping swc plugin[39m

[90m[[90m4:17:04 PM[90m][39m [43m[30m WARN [39m[49m [33m▲ [43;33m[[43;30mWARNING[43;33m][0m [1mThe condition "types" here will never be used as it comes after both "import" and "require"[0m [package.json]

    ../../packages/types/package.json:12:6:
[37m      12 │       [32m"types"[37m: "./dist/index.d.ts"
         ╵       [32m~~~~~~~[0m

  The "import" condition comes earlier and will be used for all "import" statements:

    ../../packages/types/package.json:10:6:
[37m      10 │       [32m"import"[37m: "./dist/index.js",
         ╵       [32m~~~~~~~~[0m

  The "require" condition comes earlier and will be used for all "require" calls:

    ../../packages/types/package.json:11:6:
[37m      11 │       [32m"require"[37m: "./dist/index.cjs",
         ╵       [32m~~~~~~~~~[0m



[32mCJS[39m [1mdist/main.js     [22m[32m108.17 KB[39m
[32mCJS[39m [1mdist/main.js.map [22m[32m186.78 KB[39m
[32mCJS[39m ⚡️ Build success in 175ms
